<?xml version="1.0" encoding="UTF-8"?>
<!-- Generated by org.testng.reporters.JUnitReportReporter -->
<testsuite hostname="LAPTOP-QQ7JB0BF" failures="0" tests="1" name="pomTestCases.VerifyWordPressLogin" time="6.611" errors="0" timestamp="2023-02-07T13:44:34 IST" skipped="0">
  <testcase classname="pomTestCases.VerifyWordPressLogin" name="verifyValisLogin" time="6.611"/>
  <system-out/>
</testsuite> <!-- pomTestCases.VerifyWordPressLogin -->
